2023-04-17 00:25:20.387  INFO 8997 --- [main] com.e2ee.api.service.BatchServiceTest    : Starting BatchServiceTest using Java 18.0.1.1 on bigsmoke-X555YI with PID 8997 (started by bigsmoke in /home/bigsmoke/Desktop/dev/ee2e/backend/api)
2023-04-17 00:25:20.481  INFO 8997 --- [main] com.e2ee.api.service.BatchServiceTest    : The following 1 profile is active: "dev"
2023-04-17 00:25:26.559  INFO 8997 --- [main] .s.d.r.c.RepositoryConfigurationDelegate : Bootstrapping Spring Data JPA repositories in DEFAULT mode.
2023-04-17 00:25:26.865  INFO 8997 --- [main] .s.d.r.c.RepositoryConfigurationDelegate : Finished Spring Data repository scanning in 283 ms. Found 8 JPA repository interfaces.
2023-04-17 00:25:29.030  INFO 8997 --- [main] com.zaxxer.hikari.HikariDataSource       : HikariPool-1 - Starting...
2023-04-17 00:25:29.749  INFO 8997 --- [main] com.zaxxer.hikari.HikariDataSource       : HikariPool-1 - Start completed.
2023-04-17 00:25:30.060  INFO 8997 --- [main] o.hibernate.jpa.internal.util.LogHelper  : HHH000204: Processing PersistenceUnitInfo [name: default]
2023-04-17 00:25:30.477  INFO 8997 --- [main] org.hibernate.Version                    : HHH000412: Hibernate ORM core version 5.6.15.Final
2023-04-17 00:25:31.174  INFO 8997 --- [main] o.hibernate.annotations.common.Version   : HCANN000001: Hibernate Commons Annotations {5.1.2.Final}
2023-04-17 00:25:31.684  INFO 8997 --- [main] org.hibernate.dialect.Dialect            : HHH000400: Using dialect: org.hibernate.dialect.H2Dialect
2023-04-17 00:25:35.973  INFO 8997 --- [main] o.h.e.t.j.p.i.JtaPlatformInitiator       : HHH000490: Using JtaPlatform implementation: [org.hibernate.engine.transaction.jta.platform.internal.NoJtaPlatform]
2023-04-17 00:25:36.024  INFO 8997 --- [main] j.LocalContainerEntityManagerFactoryBean : Initialized JPA EntityManagerFactory for persistence unit 'default'
2023-04-17 00:25:39.078  WARN 8997 --- [main] JpaBaseConfiguration$JpaWebConfiguration : spring.jpa.open-in-view is enabled by default. Therefore, database queries may be performed during view rendering. Explicitly configure spring.jpa.open-in-view to disable this warning
2023-04-17 00:25:42.076  INFO 8997 --- [main] o.s.s.web.DefaultSecurityFilterChain     : Will secure any request with [org.springframework.security.web.session.DisableEncodeUrlFilter@4a00d591, org.springframework.security.web.context.request.async.WebAsyncManagerIntegrationFilter@4fae4c3b, org.springframework.security.web.context.SecurityContextPersistenceFilter@682270ff, org.springframework.security.web.header.HeaderWriterFilter@30b29f55, org.springframework.security.web.authentication.logout.LogoutFilter@75caecf7, com.e2ee.api.security.cors.CorsHeadersFilter@5e0bba2f, com.e2ee.api.security.jwt.JwtSecurityFilter@6a013bdd, org.springframework.security.web.savedrequest.RequestCacheAwareFilter@73483d4b, org.springframework.security.web.servletapi.SecurityContextHolderAwareRequestFilter@4bdbfbc6, org.springframework.security.web.authentication.AnonymousAuthenticationFilter@2222cd2c, org.springframework.security.web.session.SessionManagementFilter@7c9c7e7d, org.springframework.security.web.access.ExceptionTranslationFilter@202fd4c4, org.springframework.security.web.access.intercept.FilterSecurityInterceptor@28b47211]
2023-04-17 00:25:42.286  INFO 8997 --- [main] com.e2ee.api.service.BatchServiceTest    : Started BatchServiceTest in 24.355 seconds (JVM running for 36.217)
2023-04-17 00:25:42.944  INFO 8997 --- [main] com.e2ee.api.service.UserService         : Created user: UserProfile(id=1, user=User(super=com.e2ee.api.repository.entities.User@cfcc4f45, id=1, username=admin), firstName=Admin, lastName=Admin, email=admin@mail.ru, status=)
2023-04-17 00:25:43.127  INFO 8997 --- [main] com.e2ee.api.service.UserService         : Created user: UserProfile(id=2, user=User(super=com.e2ee.api.repository.entities.User@cf4504d1, id=2, username=user1), firstName=user1, lastName=one, email=1@, status=)
2023-04-17 00:25:43.271  INFO 8997 --- [main] com.e2ee.api.service.UserService         : Created user: UserProfile(id=3, user=User(super=com.e2ee.api.repository.entities.User@247dfbbb, id=3, username=user2), firstName=user2, lastName=two, email=2@, status=)
2023-04-17 00:25:43.419  INFO 8997 --- [main] com.e2ee.api.service.UserService         : Created user: UserProfile(id=4, user=User(super=com.e2ee.api.repository.entities.User@1c37f63c, id=4, username=user3), firstName=user3, lastName=three, email=3@, status=)
2023-04-17 00:25:43.485  INFO 8997 --- [main] com.e2ee.api.service.ChatService         : Create group chat: Chat(id=1, personal=false, groupChatInfo=null)
2023-04-17 00:25:43.511  INFO 8997 --- [main] com.e2ee.api.service.MemberService       : Set chat members [1, 2, 3, 4] to chat Chat(id=1, personal=false, groupChatInfo=null)
2023-04-17 00:25:43.631  INFO 8997 --- [main] com.e2ee.api.service.MessageService      : Message sent by user 1 to chat 1
2023-04-17 00:25:43.653  INFO 8997 --- [main] com.e2ee.api.service.MessageService      : Message sent by user 2 to chat 1
2023-04-17 00:25:43.675  INFO 8997 --- [main] com.e2ee.api.service.MessageService      : Message sent by user 3 to chat 1
2023-04-17 00:25:43.696  INFO 8997 --- [main] com.e2ee.api.service.MessageService      : Message sent by user 4 to chat 1
2023-04-17 00:25:43.714  INFO 8997 --- [main] com.e2ee.api.service.ChatService         : Create group chat: Chat(id=2, personal=false, groupChatInfo=null)
2023-04-17 00:25:43.721  INFO 8997 --- [main] com.e2ee.api.service.MemberService       : Set chat members [1, 2] to chat Chat(id=2, personal=false, groupChatInfo=null)
2023-04-17 00:25:43.742  INFO 8997 --- [main] com.e2ee.api.service.MessageService      : Message sent by user 1 to chat 2
2023-04-17 00:25:43.758  INFO 8997 --- [main] com.e2ee.api.service.MessageService      : Message sent by user 2 to chat 2
2023-04-17 00:25:43.774  INFO 8997 --- [main] com.e2ee.api.service.MessageService      : Message sent by user 1 to chat 2
2023-04-17 00:25:43.788  INFO 8997 --- [main] com.e2ee.api.service.ChatService         : Create group chat: Chat(id=3, personal=false, groupChatInfo=null)
2023-04-17 00:25:43.795  INFO 8997 --- [main] com.e2ee.api.service.MemberService       : Set chat members [1, 3, 4] to chat Chat(id=3, personal=false, groupChatInfo=null)
2023-04-17 00:25:43.818  INFO 8997 --- [main] com.e2ee.api.service.MessageService      : Message sent by user 1 to chat 3
2023-04-17 00:25:43.836  INFO 8997 --- [main] com.e2ee.api.service.MessageService      : Message sent by user 3 to chat 3
2023-04-17 00:25:43.854  INFO 8997 --- [main] com.e2ee.api.service.MessageService      : Message sent by user 4 to chat 3
2023-04-17 00:25:43.868  INFO 8997 --- [main] com.e2ee.api.service.MemberService       : Set chat members [1, 2] to chat Chat(id=4, personal=true, groupChatInfo=null)
2023-04-17 00:25:43.869  INFO 8997 --- [main] com.e2ee.api.service.ChatService         : Create personal char: Chat(id=4, personal=true, groupChatInfo=null)
2023-04-17 00:25:43.885  INFO 8997 --- [main] com.e2ee.api.service.MessageService      : Message sent by user 1 to chat 4
2023-04-17 00:25:43.899  INFO 8997 --- [main] com.e2ee.api.service.MessageService      : Message sent by user 2 to chat 4
2023-04-17 00:25:43.914  INFO 8997 --- [main] com.e2ee.api.service.MessageService      : Message sent by user 1 to chat 4
2023-04-17 00:25:43.931  INFO 8997 --- [main] com.e2ee.api.service.MessageService      : Message sent by user 2 to chat 4
2023-04-17 00:25:45.130  INFO 8997 --- [SpringApplicationShutdownHook] j.LocalContainerEntityManagerFactoryBean : Closing JPA EntityManagerFactory for persistence unit 'default'
2023-04-17 00:25:45.132  INFO 8997 --- [SpringApplicationShutdownHook] .SchemaDropperImpl$DelayedDropActionImpl : HHH000477: Starting delayed evictData of schema as part of SessionFactory shut-down'
2023-04-17 00:25:45.164  WARN 8997 --- [SpringApplicationShutdownHook] o.h.engine.jdbc.spi.SqlExceptionHelper   : SQL Error: 90121, SQLState: 90121
2023-04-17 00:25:45.164 ERROR 8997 --- [SpringApplicationShutdownHook] o.h.engine.jdbc.spi.SqlExceptionHelper   : Database is already closed (to disable automatic closing at VM shutdown, add ";DB_CLOSE_ON_EXIT=FALSE" to the db URL) [90121-214]
2023-04-17 00:25:45.166  WARN 8997 --- [SpringApplicationShutdownHook] o.h.engine.jdbc.spi.SqlExceptionHelper   : SQL Error: 90121, SQLState: 90121
2023-04-17 00:25:45.166 ERROR 8997 --- [SpringApplicationShutdownHook] o.h.engine.jdbc.spi.SqlExceptionHelper   : Database is already closed (to disable automatic closing at VM shutdown, add ";DB_CLOSE_ON_EXIT=FALSE" to the db URL) [90121-214]
2023-04-17 00:25:45.167  WARN 8997 --- [SpringApplicationShutdownHook] o.s.b.f.support.DisposableBeanAdapter    : Invocation of destroy method failed on bean with name 'entityManagerFactory': org.hibernate.exception.JDBCConnectionException: Unable to release JDBC Connection used for DDL execution
2023-04-17 00:25:45.168  INFO 8997 --- [SpringApplicationShutdownHook] com.zaxxer.hikari.HikariDataSource       : HikariPool-1 - Shutdown initiated...
2023-04-17 00:25:45.173  INFO 8997 --- [SpringApplicationShutdownHook] com.zaxxer.hikari.HikariDataSource       : HikariPool-1 - Shutdown completed.
2023-04-17 00:27:35.592  INFO 9112 --- [main] com.e2ee.api.service.BatchServiceTest    : Starting BatchServiceTest using Java 18.0.1.1 on bigsmoke-X555YI with PID 9112 (started by bigsmoke in /home/bigsmoke/Desktop/dev/ee2e/backend/api)
2023-04-17 00:27:35.618  INFO 9112 --- [main] com.e2ee.api.service.BatchServiceTest    : The following 1 profile is active: "dev"
2023-04-17 00:27:38.646  INFO 9112 --- [main] .s.d.r.c.RepositoryConfigurationDelegate : Bootstrapping Spring Data JPA repositories in DEFAULT mode.
2023-04-17 00:27:38.899  INFO 9112 --- [main] .s.d.r.c.RepositoryConfigurationDelegate : Finished Spring Data repository scanning in 219 ms. Found 8 JPA repository interfaces.
2023-04-17 00:27:40.766  INFO 9112 --- [main] com.zaxxer.hikari.HikariDataSource       : HikariPool-1 - Starting...
2023-04-17 00:27:41.447  INFO 9112 --- [main] com.zaxxer.hikari.HikariDataSource       : HikariPool-1 - Start completed.
2023-04-17 00:27:42.192  INFO 9112 --- [main] o.hibernate.jpa.internal.util.LogHelper  : HHH000204: Processing PersistenceUnitInfo [name: default]
2023-04-17 00:27:42.373  INFO 9112 --- [main] org.hibernate.Version                    : HHH000412: Hibernate ORM core version 5.6.15.Final
2023-04-17 00:27:42.823  INFO 9112 --- [main] o.hibernate.annotations.common.Version   : HCANN000001: Hibernate Commons Annotations {5.1.2.Final}
2023-04-17 00:27:43.215  INFO 9112 --- [main] org.hibernate.dialect.Dialect            : HHH000400: Using dialect: org.hibernate.dialect.H2Dialect
2023-04-17 00:27:45.578  INFO 9112 --- [main] o.h.e.t.j.p.i.JtaPlatformInitiator       : HHH000490: Using JtaPlatform implementation: [org.hibernate.engine.transaction.jta.platform.internal.NoJtaPlatform]
2023-04-17 00:27:45.602  INFO 9112 --- [main] j.LocalContainerEntityManagerFactoryBean : Initialized JPA EntityManagerFactory for persistence unit 'default'
2023-04-17 00:27:47.771  WARN 9112 --- [main] JpaBaseConfiguration$JpaWebConfiguration : spring.jpa.open-in-view is enabled by default. Therefore, database queries may be performed during view rendering. Explicitly configure spring.jpa.open-in-view to disable this warning
2023-04-17 00:27:50.673  INFO 9112 --- [main] o.s.s.web.DefaultSecurityFilterChain     : Will secure any request with [org.springframework.security.web.session.DisableEncodeUrlFilter@363e2009, org.springframework.security.web.context.request.async.WebAsyncManagerIntegrationFilter@7b55fc83, org.springframework.security.web.context.SecurityContextPersistenceFilter@4202bfe8, org.springframework.security.web.header.HeaderWriterFilter@2e60d4f4, org.springframework.security.web.authentication.logout.LogoutFilter@38ae69f7, com.e2ee.api.security.cors.CorsHeadersFilter@6885f3f7, com.e2ee.api.security.jwt.JwtSecurityFilter@13dc383b, org.springframework.security.web.savedrequest.RequestCacheAwareFilter@6f986031, org.springframework.security.web.servletapi.SecurityContextHolderAwareRequestFilter@ef59aee, org.springframework.security.web.authentication.AnonymousAuthenticationFilter@3615f8d9, org.springframework.security.web.session.SessionManagementFilter@408980aa, org.springframework.security.web.access.ExceptionTranslationFilter@580e01cd, org.springframework.security.web.access.intercept.FilterSecurityInterceptor@5ff8d76f]
2023-04-17 00:27:50.896  INFO 9112 --- [main] com.e2ee.api.service.BatchServiceTest    : Started BatchServiceTest in 17.336 seconds (JVM running for 26.097)
2023-04-17 00:27:51.654  INFO 9112 --- [main] com.e2ee.api.service.UserService         : Created user: UserProfile(id=1, user=User(super=com.e2ee.api.repository.entities.User@843ad0fd, id=1, username=admin), firstName=Admin, lastName=Admin, email=admin@mail.ru, status=)
2023-04-17 00:27:51.834  INFO 9112 --- [main] com.e2ee.api.service.UserService         : Created user: UserProfile(id=2, user=User(super=com.e2ee.api.repository.entities.User@ce90f565, id=2, username=user1), firstName=user1, lastName=one, email=1@, status=)
2023-04-17 00:27:51.977  INFO 9112 --- [main] com.e2ee.api.service.UserService         : Created user: UserProfile(id=3, user=User(super=com.e2ee.api.repository.entities.User@63b842b4, id=3, username=user2), firstName=user2, lastName=two, email=2@, status=)
2023-04-17 00:27:52.122  INFO 9112 --- [main] com.e2ee.api.service.UserService         : Created user: UserProfile(id=4, user=User(super=com.e2ee.api.repository.entities.User@b5037fcf, id=4, username=user3), firstName=user3, lastName=three, email=3@, status=)
2023-04-17 00:27:52.184  INFO 9112 --- [main] com.e2ee.api.service.ChatService         : Create group chat: Chat(id=1, personal=false, groupChatInfo=null)
2023-04-17 00:27:52.209  INFO 9112 --- [main] com.e2ee.api.service.MemberService       : Set chat members [1, 2, 3, 4] to chat Chat(id=1, personal=false, groupChatInfo=null)
2023-04-17 00:27:52.328  INFO 9112 --- [main] com.e2ee.api.service.MessageService      : Message sent by user 1 to chat 1
2023-04-17 00:27:52.350  INFO 9112 --- [main] com.e2ee.api.service.MessageService      : Message sent by user 2 to chat 1
2023-04-17 00:27:52.371  INFO 9112 --- [main] com.e2ee.api.service.MessageService      : Message sent by user 3 to chat 1
2023-04-17 00:27:52.393  INFO 9112 --- [main] com.e2ee.api.service.MessageService      : Message sent by user 4 to chat 1
2023-04-17 00:27:52.412  INFO 9112 --- [main] com.e2ee.api.service.ChatService         : Create group chat: Chat(id=2, personal=false, groupChatInfo=null)
2023-04-17 00:27:52.418  INFO 9112 --- [main] com.e2ee.api.service.MemberService       : Set chat members [1, 2] to chat Chat(id=2, personal=false, groupChatInfo=null)
2023-04-17 00:27:52.440  INFO 9112 --- [main] com.e2ee.api.service.MessageService      : Message sent by user 1 to chat 2
2023-04-17 00:27:52.457  INFO 9112 --- [main] com.e2ee.api.service.MessageService      : Message sent by user 2 to chat 2
2023-04-17 00:27:52.473  INFO 9112 --- [main] com.e2ee.api.service.MessageService      : Message sent by user 1 to chat 2
2023-04-17 00:27:52.487  INFO 9112 --- [main] com.e2ee.api.service.ChatService         : Create group chat: Chat(id=3, personal=false, groupChatInfo=null)
2023-04-17 00:27:52.494  INFO 9112 --- [main] com.e2ee.api.service.MemberService       : Set chat members [1, 3, 4] to chat Chat(id=3, personal=false, groupChatInfo=null)
2023-04-17 00:27:52.518  INFO 9112 --- [main] com.e2ee.api.service.MessageService      : Message sent by user 1 to chat 3
2023-04-17 00:27:52.536  INFO 9112 --- [main] com.e2ee.api.service.MessageService      : Message sent by user 3 to chat 3
2023-04-17 00:27:52.554  INFO 9112 --- [main] com.e2ee.api.service.MessageService      : Message sent by user 4 to chat 3
2023-04-17 00:27:52.568  INFO 9112 --- [main] com.e2ee.api.service.MemberService       : Set chat members [1, 2] to chat Chat(id=4, personal=true, groupChatInfo=null)
2023-04-17 00:27:52.569  INFO 9112 --- [main] com.e2ee.api.service.ChatService         : Create personal char: Chat(id=4, personal=true, groupChatInfo=null)
2023-04-17 00:27:52.586  INFO 9112 --- [main] com.e2ee.api.service.MessageService      : Message sent by user 1 to chat 4
2023-04-17 00:27:52.601  INFO 9112 --- [main] com.e2ee.api.service.MessageService      : Message sent by user 2 to chat 4
2023-04-17 00:27:52.617  INFO 9112 --- [main] com.e2ee.api.service.MessageService      : Message sent by user 1 to chat 4
2023-04-17 00:27:52.634  INFO 9112 --- [main] com.e2ee.api.service.MessageService      : Message sent by user 2 to chat 4
2023-04-17 00:27:53.531  INFO 9112 --- [SpringApplicationShutdownHook] j.LocalContainerEntityManagerFactoryBean : Closing JPA EntityManagerFactory for persistence unit 'default'
2023-04-17 00:27:53.534  INFO 9112 --- [SpringApplicationShutdownHook] .SchemaDropperImpl$DelayedDropActionImpl : HHH000477: Starting delayed evictData of schema as part of SessionFactory shut-down'
2023-04-17 00:27:53.548  WARN 9112 --- [SpringApplicationShutdownHook] o.h.engine.jdbc.spi.SqlExceptionHelper   : SQL Error: 90121, SQLState: 90121
2023-04-17 00:27:53.549 ERROR 9112 --- [SpringApplicationShutdownHook] o.h.engine.jdbc.spi.SqlExceptionHelper   : Database is already closed (to disable automatic closing at VM shutdown, add ";DB_CLOSE_ON_EXIT=FALSE" to the db URL) [90121-214]
2023-04-17 00:27:53.551  WARN 9112 --- [SpringApplicationShutdownHook] o.h.engine.jdbc.spi.SqlExceptionHelper   : SQL Error: 90121, SQLState: 90121
2023-04-17 00:27:53.551 ERROR 9112 --- [SpringApplicationShutdownHook] o.h.engine.jdbc.spi.SqlExceptionHelper   : Database is already closed (to disable automatic closing at VM shutdown, add ";DB_CLOSE_ON_EXIT=FALSE" to the db URL) [90121-214]
2023-04-17 00:27:53.552  WARN 9112 --- [SpringApplicationShutdownHook] o.s.b.f.support.DisposableBeanAdapter    : Invocation of destroy method failed on bean with name 'entityManagerFactory': org.hibernate.exception.JDBCConnectionException: Unable to release JDBC Connection used for DDL execution
2023-04-17 00:27:53.553  INFO 9112 --- [SpringApplicationShutdownHook] com.zaxxer.hikari.HikariDataSource       : HikariPool-1 - Shutdown initiated...
2023-04-17 00:27:53.560  INFO 9112 --- [SpringApplicationShutdownHook] com.zaxxer.hikari.HikariDataSource       : HikariPool-1 - Shutdown completed.
2023-04-17 00:36:55.045  INFO 9238 --- [main] com.e2ee.api.service.BatchServiceTest    : Starting BatchServiceTest using Java 18.0.1.1 on bigsmoke-X555YI with PID 9238 (started by bigsmoke in /home/bigsmoke/Desktop/dev/ee2e/backend/api)
2023-04-17 00:36:55.082  INFO 9238 --- [main] com.e2ee.api.service.BatchServiceTest    : The following 1 profile is active: "dev"
2023-04-17 00:36:58.537  INFO 9238 --- [main] .s.d.r.c.RepositoryConfigurationDelegate : Bootstrapping Spring Data JPA repositories in DEFAULT mode.
2023-04-17 00:36:58.812  INFO 9238 --- [main] .s.d.r.c.RepositoryConfigurationDelegate : Finished Spring Data repository scanning in 242 ms. Found 8 JPA repository interfaces.
2023-04-17 00:37:00.742  INFO 9238 --- [main] com.zaxxer.hikari.HikariDataSource       : HikariPool-1 - Starting...
2023-04-17 00:37:01.502  INFO 9238 --- [main] com.zaxxer.hikari.HikariDataSource       : HikariPool-1 - Start completed.
2023-04-17 00:37:01.724  INFO 9238 --- [main] o.hibernate.jpa.internal.util.LogHelper  : HHH000204: Processing PersistenceUnitInfo [name: default]
2023-04-17 00:37:01.879  INFO 9238 --- [main] org.hibernate.Version                    : HHH000412: Hibernate ORM core version 5.6.15.Final
2023-04-17 00:37:02.380  INFO 9238 --- [main] o.hibernate.annotations.common.Version   : HCANN000001: Hibernate Commons Annotations {5.1.2.Final}
2023-04-17 00:37:02.829  INFO 9238 --- [main] org.hibernate.dialect.Dialect            : HHH000400: Using dialect: org.hibernate.dialect.H2Dialect
2023-04-17 00:37:05.048  INFO 9238 --- [main] o.h.e.t.j.p.i.JtaPlatformInitiator       : HHH000490: Using JtaPlatform implementation: [org.hibernate.engine.transaction.jta.platform.internal.NoJtaPlatform]
2023-04-17 00:37:05.070  INFO 9238 --- [main] j.LocalContainerEntityManagerFactoryBean : Initialized JPA EntityManagerFactory for persistence unit 'default'
2023-04-17 00:37:08.350  WARN 9238 --- [main] JpaBaseConfiguration$JpaWebConfiguration : spring.jpa.open-in-view is enabled by default. Therefore, database queries may be performed during view rendering. Explicitly configure spring.jpa.open-in-view to disable this warning
2023-04-17 00:37:12.403  INFO 9238 --- [main] o.s.s.web.DefaultSecurityFilterChain     : Will secure any request with [org.springframework.security.web.session.DisableEncodeUrlFilter@5e1e19af, org.springframework.security.web.context.request.async.WebAsyncManagerIntegrationFilter@3792fed8, org.springframework.security.web.context.SecurityContextPersistenceFilter@6250d33c, org.springframework.security.web.header.HeaderWriterFilter@4bdbfbc6, org.springframework.security.web.authentication.logout.LogoutFilter@212be8c, com.e2ee.api.security.cors.CorsHeadersFilter@7c460, com.e2ee.api.security.jwt.JwtSecurityFilter@5a69b3cf, org.springframework.security.web.savedrequest.RequestCacheAwareFilter@5466a819, org.springframework.security.web.servletapi.SecurityContextHolderAwareRequestFilter@30d944d8, org.springframework.security.web.authentication.AnonymousAuthenticationFilter@35d145fb, org.springframework.security.web.session.SessionManagementFilter@4d2f8ee7, org.springframework.security.web.access.ExceptionTranslationFilter@37922937, org.springframework.security.web.access.intercept.FilterSecurityInterceptor@4ee1c29a]
2023-04-17 00:37:12.630  INFO 9238 --- [main] com.e2ee.api.service.BatchServiceTest    : Started BatchServiceTest in 19.501 seconds (JVM running for 25.519)
2023-04-17 00:37:13.465  INFO 9238 --- [main] com.e2ee.api.service.UserService         : Created user: UserProfile(id=1, user=User(super=com.e2ee.api.repository.entities.User@36e5621a, id=1, username=admin), firstName=Admin, lastName=Admin, email=admin@mail.ru, status=)
2023-04-17 00:37:13.643  INFO 9238 --- [main] com.e2ee.api.service.UserService         : Created user: UserProfile(id=2, user=User(super=com.e2ee.api.repository.entities.User@e60da92c, id=2, username=user1), firstName=user1, lastName=one, email=1@, status=)
2023-04-17 00:37:13.785  INFO 9238 --- [main] com.e2ee.api.service.UserService         : Created user: UserProfile(id=3, user=User(super=com.e2ee.api.repository.entities.User@19f17dba, id=3, username=user2), firstName=user2, lastName=two, email=2@, status=)
2023-04-17 00:37:13.925  INFO 9238 --- [main] com.e2ee.api.service.UserService         : Created user: UserProfile(id=4, user=User(super=com.e2ee.api.repository.entities.User@76a77fbb, id=4, username=user3), firstName=user3, lastName=three, email=3@, status=)
2023-04-17 00:37:14.035  INFO 9238 --- [main] com.e2ee.api.service.ChatService         : Create group chat: Chat(id=1, personal=false, groupChatInfo=null)
2023-04-17 00:37:14.054  INFO 9238 --- [main] com.e2ee.api.service.MemberService       : Set chat members [1, 2, 3, 4] to chat Chat(id=1, personal=false, groupChatInfo=null)
2023-04-17 00:37:14.172  INFO 9238 --- [main] com.e2ee.api.service.MessageService      : Message sent by user 1 to chat 1
2023-04-17 00:37:14.194  INFO 9238 --- [main] com.e2ee.api.service.MessageService      : Message sent by user 2 to chat 1
2023-04-17 00:37:14.216  INFO 9238 --- [main] com.e2ee.api.service.MessageService      : Message sent by user 3 to chat 1
2023-04-17 00:37:14.237  INFO 9238 --- [main] com.e2ee.api.service.MessageService      : Message sent by user 4 to chat 1
2023-04-17 00:37:14.255  INFO 9238 --- [main] com.e2ee.api.service.ChatService         : Create group chat: Chat(id=2, personal=false, groupChatInfo=null)
2023-04-17 00:37:14.260  INFO 9238 --- [main] com.e2ee.api.service.MemberService       : Set chat members [1, 2] to chat Chat(id=2, personal=false, groupChatInfo=null)
2023-04-17 00:37:14.285  INFO 9238 --- [main] com.e2ee.api.service.MessageService      : Message sent by user 1 to chat 2
2023-04-17 00:37:14.305  INFO 9238 --- [main] com.e2ee.api.service.MessageService      : Message sent by user 2 to chat 2
2023-04-17 00:37:14.322  INFO 9238 --- [main] com.e2ee.api.service.MessageService      : Message sent by user 1 to chat 2
2023-04-17 00:37:14.338  INFO 9238 --- [main] com.e2ee.api.service.ChatService         : Create group chat: Chat(id=3, personal=false, groupChatInfo=null)
2023-04-17 00:37:14.345  INFO 9238 --- [main] com.e2ee.api.service.MemberService       : Set chat members [1, 3, 4] to chat Chat(id=3, personal=false, groupChatInfo=null)
2023-04-17 00:37:14.369  INFO 9238 --- [main] com.e2ee.api.service.MessageService      : Message sent by user 1 to chat 3
2023-04-17 00:37:14.386  INFO 9238 --- [main] com.e2ee.api.service.MessageService      : Message sent by user 3 to chat 3
2023-04-17 00:37:14.405  INFO 9238 --- [main] com.e2ee.api.service.MessageService      : Message sent by user 4 to chat 3
2023-04-17 00:37:14.418  INFO 9238 --- [main] com.e2ee.api.service.MemberService       : Set chat members [1, 2] to chat Chat(id=4, personal=true, groupChatInfo=null)
2023-04-17 00:37:14.419  INFO 9238 --- [main] com.e2ee.api.service.ChatService         : Create personal char: Chat(id=4, personal=true, groupChatInfo=null)
2023-04-17 00:37:14.435  INFO 9238 --- [main] com.e2ee.api.service.MessageService      : Message sent by user 1 to chat 4
2023-04-17 00:37:14.450  INFO 9238 --- [main] com.e2ee.api.service.MessageService      : Message sent by user 2 to chat 4
2023-04-17 00:37:14.466  INFO 9238 --- [main] com.e2ee.api.service.MessageService      : Message sent by user 1 to chat 4
2023-04-17 00:37:14.484  INFO 9238 --- [main] com.e2ee.api.service.MessageService      : Message sent by user 2 to chat 4
2023-04-17 00:37:15.796  INFO 9238 --- [SpringApplicationShutdownHook] j.LocalContainerEntityManagerFactoryBean : Closing JPA EntityManagerFactory for persistence unit 'default'
2023-04-17 00:37:15.799  INFO 9238 --- [SpringApplicationShutdownHook] .SchemaDropperImpl$DelayedDropActionImpl : HHH000477: Starting delayed evictData of schema as part of SessionFactory shut-down'
2023-04-17 00:37:15.805  WARN 9238 --- [SpringApplicationShutdownHook] o.h.engine.jdbc.spi.SqlExceptionHelper   : SQL Error: 90121, SQLState: 90121
2023-04-17 00:37:15.806 ERROR 9238 --- [SpringApplicationShutdownHook] o.h.engine.jdbc.spi.SqlExceptionHelper   : Database is already closed (to disable automatic closing at VM shutdown, add ";DB_CLOSE_ON_EXIT=FALSE" to the db URL) [90121-214]
2023-04-17 00:37:15.808  WARN 9238 --- [SpringApplicationShutdownHook] o.h.engine.jdbc.spi.SqlExceptionHelper   : SQL Error: 90121, SQLState: 90121
2023-04-17 00:37:15.809 ERROR 9238 --- [SpringApplicationShutdownHook] o.h.engine.jdbc.spi.SqlExceptionHelper   : Database is already closed (to disable automatic closing at VM shutdown, add ";DB_CLOSE_ON_EXIT=FALSE" to the db URL) [90121-214]
2023-04-17 00:37:15.810  WARN 9238 --- [SpringApplicationShutdownHook] o.s.b.f.support.DisposableBeanAdapter    : Invocation of destroy method failed on bean with name 'entityManagerFactory': org.hibernate.exception.JDBCConnectionException: Unable to release JDBC Connection used for DDL execution
2023-04-17 00:37:15.811  INFO 9238 --- [SpringApplicationShutdownHook] com.zaxxer.hikari.HikariDataSource       : HikariPool-1 - Shutdown initiated...
2023-04-17 00:37:15.817  INFO 9238 --- [SpringApplicationShutdownHook] com.zaxxer.hikari.HikariDataSource       : HikariPool-1 - Shutdown completed.
